<?xml version="1.0" encoding="UTF-8"?>
<testng-results ignored="0" total="1" passed="1" failed="0" skipped="0">
  <reporter-output>
  </reporter-output>
  <suite started-at="2024-09-07T01:58:34 IST" name="Default suite" finished-at="2024-09-07T01:58:55 IST" duration-ms="21080">
    <groups>
    </groups>
    <test started-at="2024-09-07T01:58:34 IST" name="Default test" finished-at="2024-09-07T01:58:55 IST" duration-ms="21080">
      <class name="Functionaltesting.FTflow">
        <test-method signature="test()[pri:0, instance:Functionaltesting.FTflow@4c371370]" started-at="2024-09-07T01:58:34 IST" name="test" finished-at="2024-09-07T01:58:55 IST" duration-ms="20951" status="PASS">
          <reporter-output>
          </reporter-output>
        </test-method> <!-- test -->
      </class> <!-- Functionaltesting.FTflow -->
    </test> <!-- Default test -->
  </suite> <!-- Default suite -->
</testng-results>
